
R version 4.0.2 (2020-06-22) -- "Taking Off Again"
Copyright (C) 2020 The R Foundation for Statistical Computing
Platform: x86_64-pc-linux-gnu (64-bit)

R is free software and comes with ABSOLUTELY NO WARRANTY.
You are welcome to redistribute it under certain conditions.
Type 'license()' or 'licence()' for distribution details.

  Natural language support but running in an English locale

R is a collaborative project with many contributors.
Type 'contributors()' for more information and
'citation()' on how to cite R or R packages in publications.

Type 'demo()' for some demos, 'help()' for on-line help, or
'help.start()' for an HTML browser interface to help.
Type 'q()' to quit R.

> ################################################
> # Spillover effects of reactive, focal malaria 
> # interventions
> 
> # Namibia trial
> # Primary analysis: incidence
> # Data adaptively choose if Q is 
> # individual or cohort level model 
> ################################################ 
> rm(list=ls())
> library(sl3)
> library(tmle3)
> library(origami)
origami v1.0.5: Generalized Framework for Cross-Validation
> library(SuperLearner)
Loading required package: nnls
Loading required package: gam
Loading required package: splines
Loading required package: foreach
Loaded gam 1.20

Super Learner
Version: 2.0-28
Package created on 2021-05-04

> library(glmnet)
Loading required package: Matrix
Loaded glmnet 4.1-2
> library(gam)
> library(xgboost)
> library(GGally)
Loading required package: ggplot2
Registered S3 method overwritten by 'GGally':
  method from   
  +.gg   ggplot2
> 
> source(paste0(here::here(), "/0-config.R"))
Loading required package: sp
Please note that rgdal will be retired by the end of 2023,
plan transition to sf/stars/terra functions using GDAL and PROJ
at your earliest convenience.

rgdal: version: 1.5-28, (SVN revision 1158)
Geospatial Data Abstraction Library extensions to R successfully loaded
Loaded GDAL runtime: GDAL 3.4.1, released 2021/12/27
Path to GDAL shared files: /share/software/user/open/gdal/3.4.1/share/gdal
GDAL binary built with GEOS: FALSE 
Loaded PROJ runtime: Rel. 8.2.1, January 1st, 2022, [PJ_VERSION: 821]
Path to PROJ shared files: /home/users/jadebc/.local/share/proj:/share/software/user/open/proj/8.2.1/share/proj:/share/software/user/open/proj/8.2.1/share/proj
PROJ CDN enabled: FALSE
Linking to sp version:1.4-5
To mute warnings of possible GDAL/OSR exportToProj4() degradation,
use options("rgdal_show_exportToProj4_warnings"="none") before loading sp or rgdal.

Attaching package: ‘tidyr’

The following objects are masked from ‘package:Matrix’:

    expand, pack, unpack


Attaching package: ‘lubridate’

The following objects are masked from ‘package:base’:

    date, intersect, setdiff, union


Attaching package: ‘reshape2’

The following object is masked from ‘package:tidyr’:

    smiths


Attaching package: ‘purrr’

The following objects are masked from ‘package:foreach’:

    accumulate, when


Attaching package: ‘data.table’

The following object is masked from ‘package:purrr’:

    transpose

The following objects are masked from ‘package:reshape2’:

    dcast, melt

The following objects are masked from ‘package:lubridate’:

    hour, isoweek, mday, minute, month, quarter, second, wday, week,
    yday, year


Attaching package: ‘dplyr’

The following objects are masked from ‘package:data.table’:

    between, first, last

The following object is masked from ‘package:xgboost’:

    slice

The following objects are masked from ‘package:stats’:

    filter, lag

The following objects are masked from ‘package:base’:

    intersect, setdiff, setequal, union

> 
> # load data ---------------------------------------
> data_human_list <- readRDS(namibia_human_process_path)
> 
> # load covariate list ---------------------------------------
> covarname <- readRDS(namibia_inc_covar_path)
> covarname_g = c("pre_spray_cover", "pre_incidence", "pre_rainfall",
+                 "pop_size_ea","pre_evi", "ea_elevation","surface_temp")
> covarname_Q = covarname[!covarname %in% c(covarname_g)]
> 
> # SuperLearner set up ---------------------------------------
> source(paste0(here::here(), '/2-analysis/0-namibia-incidence-learners.R'))
> 
> # Run hTMLE - Total effect ---------------------------------------
> 
> res_total_human <- list()
> 
> ## Human ---------------------------------------
> tic()
> set.seed(123)
> res_total_human <- lapply(data_human_list, function(x)
+   choose_Qlevel(df = x,
+             effecttype = 'total',
+             dependency = TRUE, # TRUE if we want CIs adjusted for dependency
+             unadj_est = FALSE, # TRUE if we want a unadjusted estimate
+             y_l = 0,
+             y_u = 1,
+             covarname_Q = covarname_Q,
+             SL_lib_Q = SL_lib_Q,
+             SL_lib_adaQ = SL_lib_simple, # need to specify if for Qlevel = "adaptive"
+             SL_lib_depen = SL_lib_simple, # need to specify if dependency = T
+             verbose = FALSE,
+             reservoir_name = "Human")
+ )
[1] "Covariate screening ---------------------------------"
Loading required package: lmtest
Loading required package: zoo

Attaching package: ‘zoo’

The following objects are masked from ‘package:base’:

    as.Date, as.Date.numeric


Likelihood Ratio Test P-values:
                             P-value
dist_to_index                0.09842
pop_500m_cat                 0.00000
pop_1km                      0.00000
pop_2km_cat                  0.00000
pop_3km_cat                  0.00004
sex                          0.00000
dist_hh_cat                  0.00000
dist_hf_cat                  0.00000
pop_size_cohort_cat          0.00000
Ntx_cat                      0.00000
tx_cov_cohort_cat            0.00000
high_season                  0.00013
prop_prev_tx_cat             0.00000
pre_int_3000_cat             0.00000
pre_int_2000_cat             0.00000
pre_int_1000_cat             0.00000
pre_int_500                  0.00000
n_int_pre_recei              0.00000
pre_int_propdiffarm_500_cat  0.00000
pre_int_propdiffarm_1000     0.00000
pre_int_propdiffarm_2000     0.02124
pre_int_propdiffarm_3000_cat 0.00000
delta_age                    0.00000
age_cat                      0.00000
delta_response_time          0.81587
response_time_cat            0.00000
delta_age.1                  0.00000
delta_response_time.1        0.81587
delta_dist_index_quant       0.05343


Covariates selected (P<0.2):
                                   P-value
dist_to_index                 9.841642e-02
pop_500m_cat                  1.001695e-06
pop_1km                       2.692730e-07
pop_2km_cat                   1.717809e-07
pop_3km_cat                   4.064774e-05
sex                           3.690750e-11
dist_hh_cat                   7.574229e-10
dist_hf_cat                   1.907235e-28
pop_size_cohort_cat           1.552643e-14
Ntx_cat                       6.143593e-21
tx_cov_cohort_cat             2.790308e-06
high_season                   1.299488e-04
prop_prev_tx_cat              1.926783e-90
pre_int_3000_cat              3.597984e-13
pre_int_2000_cat              7.235669e-10
pre_int_1000_cat              4.137158e-62
pre_int_500                   3.658972e-31
n_int_pre_recei               3.429248e-80
pre_int_propdiffarm_500_cat   6.296376e-07
pre_int_propdiffarm_1000      1.888926e-29
pre_int_propdiffarm_2000      2.124056e-02
pre_int_propdiffarm_3000_cat  1.030633e-12
delta_age                    1.126148e-206
age_cat                      2.389503e-175
response_time_cat             1.655126e-65
delta_age.1                  1.126148e-206
delta_dist_index_quant        5.343495e-02
[1] "===== variables excluded after lmtest ===== "
[1] "delta_response_time"
[1] "===== variables excluded after sparsity check ===== "
character(0)
[1] "===== excluded constant variables ===== "
character(0)
[1] "===== variables selected in the end ===== "
 [1] "dist_to_index"                "pop_500m_cat"                
 [3] "pop_1km"                      "pop_2km_cat"                 
 [5] "pop_3km_cat"                  "sex"                         
 [7] "dist_hh_cat"                  "dist_hf_cat"                 
 [9] "pop_size_cohort_cat"          "Ntx_cat"                     
[11] "tx_cov_cohort_cat"            "high_season"                 
[13] "prop_prev_tx_cat"             "pre_int_3000_cat"            
[15] "pre_int_2000_cat"             "pre_int_1000_cat"            
[17] "pre_int_500"                  "n_int_pre_recei"             
[19] "pre_int_propdiffarm_500_cat"  "pre_int_propdiffarm_1000"    
[21] "pre_int_propdiffarm_2000"     "pre_int_propdiffarm_3000_cat"
[23] "delta_age"                    "age_cat"                     
[25] "response_time_cat"            "delta_dist_index_quant"      
15.85 sec elapsed
[1] "Choose Qlevel ---------------------------------"
4232.264 sec elapsed
[1] "Data-adaptive Q model selection result: cohort level"
[1] "Covariate screening ---------------------------------"

Likelihood Ratio Test P-values:
                             P-value
dist_to_index                0.11321
pop_500m_cat                 0.00000
pop_1km                      0.00028
pop_2km_cat                  0.00584
pop_3km_cat                  0.00002
sex                          0.00000
dist_hh_cat                  0.00000
dist_hf_cat                  0.00000
pop_size_cohort_cat          0.00000
Ntx_cat                      0.00000
tx_cov_cohort_cat            0.00119
high_season                  0.00000
prop_prev_tx_cat             0.00000
pre_int_3000_cat             0.00029
pre_int_2000_cat             0.26366
pre_int_1000_cat             0.00000
pre_int_500                  0.00000
n_int_pre_recei              0.00000
pre_int_propdiffarm_500_cat  0.00009
pre_int_propdiffarm_1000     0.00000
pre_int_propdiffarm_2000     0.13945
pre_int_propdiffarm_3000_cat 0.04232
delta_age                    0.00000
age_cat                      0.00000
delta_response_time          0.76579
response_time_cat            0.00000
delta_age.1                  0.00000
delta_response_time.1        0.76579
delta_dist_index_quant       0.34002


Covariates selected (P<0.2):
                                   P-value
dist_to_index                 1.132093e-01
pop_500m_cat                  3.906988e-07
pop_1km                       2.826554e-04
pop_2km_cat                   5.839939e-03
pop_3km_cat                   2.391227e-05
sex                           1.062859e-06
dist_hh_cat                   1.747944e-08
dist_hf_cat                   4.725036e-18
pop_size_cohort_cat           8.246496e-09
Ntx_cat                       5.840874e-13
tx_cov_cohort_cat             1.186198e-03
high_season                   1.231949e-14
prop_prev_tx_cat              1.288650e-38
pre_int_3000_cat              2.874463e-04
pre_int_1000_cat              9.081095e-26
pre_int_500                   1.797978e-11
n_int_pre_recei               1.137255e-42
pre_int_propdiffarm_500_cat   9.296689e-05
pre_int_propdiffarm_1000      4.577177e-21
pre_int_propdiffarm_2000      1.394515e-01
pre_int_propdiffarm_3000_cat  4.231873e-02
delta_age                    1.157726e-137
age_cat                      5.446465e-110
response_time_cat             8.886640e-49
delta_age.1                  1.157726e-137
[1] "===== variables excluded after lmtest ===== "
[1] "pre_int_2000_cat"       "delta_response_time"    "delta_dist_index_quant"
[1] "===== variables excluded after sparsity check ===== "
character(0)
[1] "===== excluded constant variables ===== "
character(0)
[1] "===== variables selected in the end ===== "
 [1] "dist_to_index"                "pop_500m_cat"                
 [3] "pop_1km"                      "pop_2km_cat"                 
 [5] "pop_3km_cat"                  "sex"                         
 [7] "dist_hh_cat"                  "dist_hf_cat"                 
 [9] "pop_size_cohort_cat"          "Ntx_cat"                     
[11] "tx_cov_cohort_cat"            "high_season"                 
[13] "prop_prev_tx_cat"             "pre_int_3000_cat"            
[15] "pre_int_1000_cat"             "pre_int_500"                 
[17] "n_int_pre_recei"              "pre_int_propdiffarm_500_cat" 
[19] "pre_int_propdiffarm_1000"     "pre_int_propdiffarm_2000"    
[21] "pre_int_propdiffarm_3000_cat" "delta_age"                   
[23] "age_cat"                      "response_time_cat"           
12.347 sec elapsed
[1] "Choose Qlevel ---------------------------------"
4413.003 sec elapsed
[1] "Data-adaptive Q model selection result: cohort level"
> toc()
8685.645 sec elapsed
> 
> names(res_total_human) = c("Long","Short")
> saveRDS(res_total_human, file = paste0(results_path, "namibia_htmle_inc_total_human_adaptQ.RDS"))
> 
> 
> # Run hTMLE - Spillover effect ---------------------------------------
> res_spillover_human <- list()
> 
> ## Human ---------------------------------------
> tic()
> set.seed(123)
> res_spillover_human <- lapply(data_human_list, function(x)
+   choose_Qlevel(df = x,
+             effecttype = 'spillover',
+             dependency = TRUE, # TRUE if we want CIs adjusted for dependency
+             unadj_est = FALSE, # TRUE if we want a unadjusted estimate
+             y_l = 0,
+             y_u = 1,
+             covarname_Q = covarname_Q,
+             SL_lib_Q = SL_lib_Q,
+             SL_lib_adaQ = SL_lib_simple, # need to specify if for Qlevel = "adaptive"
+             SL_lib_depen = SL_lib_simple, # need to specify if dependency = T
+             verbose = FALSE,
+             reservoir_name = "Human")
+ )
[1] "Covariate screening ---------------------------------"

Likelihood Ratio Test P-values:
                             P-value
dist_to_index                0.00005
pop_500m_cat                 0.00117
pop_1km                      0.00000
pop_2km_cat                  0.00000
pop_3km_cat                  0.00003
sex                          0.00000
dist_hh_cat                  0.00000
dist_hf_cat                  0.00000
pop_size_cohort_cat          0.00000
Ntx_cat                      0.00000
tx_cov_cohort_cat            0.00001
high_season                  0.00013
prop_prev_tx_cat             0.00000
pre_int_3000_cat             0.00000
pre_int_2000_cat             0.00000
pre_int_1000_cat             0.00000
pre_int_500                  0.00000
n_int_pre_recei              0.00000
pre_int_propdiffarm_500_cat  0.00000
pre_int_propdiffarm_1000     0.00000
pre_int_propdiffarm_2000     0.01257
pre_int_propdiffarm_3000_cat 0.00000
delta_age                    0.00000
age_cat                      0.00000
delta_response_time          0.89806
response_time_cat            0.00000
delta_age.1                  0.00000
delta_response_time.1        0.89806
delta_dist_index_quant       0.47741


Covariates selected (P<0.2):
                                   P-value
dist_to_index                 5.379861e-05
pop_500m_cat                  1.165108e-03
pop_1km                       2.633271e-09
pop_2km_cat                   2.525831e-07
pop_3km_cat                   2.808375e-05
sex                           1.022653e-17
dist_hh_cat                   5.121666e-07
dist_hf_cat                   1.456503e-26
pop_size_cohort_cat           7.455952e-10
Ntx_cat                       7.429548e-21
tx_cov_cohort_cat             1.089664e-05
high_season                   1.252003e-04
prop_prev_tx_cat              4.172110e-92
pre_int_3000_cat              9.568454e-14
pre_int_2000_cat              2.941520e-10
pre_int_1000_cat              2.280788e-70
pre_int_500                   1.250975e-29
n_int_pre_recei               2.012556e-78
pre_int_propdiffarm_500_cat   1.133404e-06
pre_int_propdiffarm_1000      1.222442e-29
pre_int_propdiffarm_2000      1.256597e-02
pre_int_propdiffarm_3000_cat  4.123648e-14
delta_age                    2.435436e-234
age_cat                       2.771777e-49
response_time_cat             3.005453e-64
delta_age.1                  2.435436e-234
[1] "===== variables excluded after lmtest ===== "
[1] "delta_response_time"    "delta_dist_index_quant"
[1] "===== variables excluded after sparsity check ===== "
character(0)
[1] "===== excluded constant variables ===== "
character(0)
[1] "===== variables selected in the end ===== "
 [1] "dist_to_index"                "pop_500m_cat"                
 [3] "pop_1km"                      "pop_2km_cat"                 
 [5] "pop_3km_cat"                  "sex"                         
 [7] "dist_hh_cat"                  "dist_hf_cat"                 
 [9] "pop_size_cohort_cat"          "Ntx_cat"                     
[11] "tx_cov_cohort_cat"            "high_season"                 
[13] "prop_prev_tx_cat"             "pre_int_3000_cat"            
[15] "pre_int_2000_cat"             "pre_int_1000_cat"            
[17] "pre_int_500"                  "n_int_pre_recei"             
[19] "pre_int_propdiffarm_500_cat"  "pre_int_propdiffarm_1000"    
[21] "pre_int_propdiffarm_2000"     "pre_int_propdiffarm_3000_cat"
[23] "delta_age"                    "age_cat"                     
[25] "response_time_cat"           
11.103 sec elapsed
[1] "Choose Qlevel ---------------------------------"
3226.462 sec elapsed
[1] "Data-adaptive Q model selection result: cohort level"
[1] "Covariate screening ---------------------------------"

Likelihood Ratio Test P-values:
                             P-value
dist_to_index                0.00075
pop_500m_cat                 0.00003
pop_1km                      0.00003
pop_2km_cat                  0.00184
pop_3km_cat                  0.00002
sex                          0.00000
dist_hh_cat                  0.00000
dist_hf_cat                  0.00000
pop_size_cohort_cat          0.00000
Ntx_cat                      0.00000
tx_cov_cohort_cat            0.00361
high_season                  0.00000
prop_prev_tx_cat             0.00000
pre_int_3000_cat             0.00005
pre_int_2000_cat             0.11606
pre_int_1000_cat             0.00000
pre_int_500                  0.00000
n_int_pre_recei              0.00000
pre_int_propdiffarm_500_cat  0.00013
pre_int_propdiffarm_1000     0.00000
pre_int_propdiffarm_2000     0.21971
pre_int_propdiffarm_3000_cat 0.00935
delta_age                    0.00000
age_cat                      0.00000
delta_response_time          0.70382
response_time_cat            0.00000
delta_age.1                  0.00000
delta_response_time.1        0.70382
delta_dist_index_quant       0.87561


Covariates selected (P<0.2):
                                   P-value
dist_to_index                 7.470972e-04
pop_500m_cat                  3.060298e-05
pop_1km                       3.290107e-05
pop_2km_cat                   1.839151e-03
pop_3km_cat                   2.389902e-05
sex                           5.214855e-11
dist_hh_cat                   4.674902e-07
dist_hf_cat                   2.141308e-18
pop_size_cohort_cat           1.156436e-06
Ntx_cat                       2.128998e-14
tx_cov_cohort_cat             3.612301e-03
high_season                   2.272820e-14
prop_prev_tx_cat              2.195398e-40
pre_int_3000_cat              4.847945e-05
pre_int_2000_cat              1.160597e-01
pre_int_1000_cat              8.075025e-33
pre_int_500                   1.415087e-11
n_int_pre_recei               1.171294e-44
pre_int_propdiffarm_500_cat   1.330364e-04
pre_int_propdiffarm_1000      2.611406e-21
pre_int_propdiffarm_3000_cat  9.347255e-03
delta_age                    3.188205e-155
age_cat                       1.923504e-34
response_time_cat             4.481516e-48
delta_age.1                  3.188205e-155
[1] "===== variables excluded after lmtest ===== "
[1] "pre_int_propdiffarm_2000" "delta_response_time"     
[3] "delta_dist_index_quant"  
[1] "===== variables excluded after sparsity check ===== "
character(0)
[1] "===== excluded constant variables ===== "
character(0)
[1] "===== variables selected in the end ===== "
 [1] "dist_to_index"                "pop_500m_cat"                
 [3] "pop_1km"                      "pop_2km_cat"                 
 [5] "pop_3km_cat"                  "sex"                         
 [7] "dist_hh_cat"                  "dist_hf_cat"                 
 [9] "pop_size_cohort_cat"          "Ntx_cat"                     
[11] "tx_cov_cohort_cat"            "high_season"                 
[13] "prop_prev_tx_cat"             "pre_int_3000_cat"            
[15] "pre_int_2000_cat"             "pre_int_1000_cat"            
[17] "pre_int_500"                  "n_int_pre_recei"             
[19] "pre_int_propdiffarm_500_cat"  "pre_int_propdiffarm_1000"    
[21] "pre_int_propdiffarm_3000_cat" "delta_age"                   
[23] "age_cat"                      "response_time_cat"           
11.369 sec elapsed
[1] "Choose Qlevel ---------------------------------"
3351.435 sec elapsed
[1] "Data-adaptive Q model selection result: individual level"
> toc()
6611.291 sec elapsed
> 
> names(res_spillover_human) = c("Long","Short")
> saveRDS(res_spillover_human, file = paste0(results_path, "namibia_htmle_inc_spillover_human_adaptQ.RDS"))
> 
> 
> # Run hTMLE - Direct effect ---------------------------------------
> res_direct_human <- list()
> 
> ## Human ---------------------------------------
> tic()
> set.seed(123)
> res_direct_human <- lapply(data_human_list, function(x)
+   choose_Qlevel(df = x,
+             effecttype = 'direct',
+             dependency = TRUE, # TRUE if we want CIs adjusted for dependency
+             unadj_est = FALSE, # TRUE if we want a unadjusted estimate
+             y_l = 0,
+             y_u = 1,
+             covarname_Q = covarname_Q,
+             SL_lib_Q = SL_lib_Q,
+             SL_lib_adaQ = SL_lib_simple, # need to specify if for Qlevel = "adaptive"
+             SL_lib_depen = SL_lib_simple, # need to specify if dependency = T
+             verbose = FALSE,
+             reservoir_name = "Human")
+ )
[1] "Too few observations to fit adjusted model"
[1] "Choose Qlevel ---------------------------------"
[1] "Data-adaptive Q model selection result: individual level"
[1] "Too few observations to fit adjusted model"
[1] "Choose Qlevel ---------------------------------"
[1] "Data-adaptive Q model selection result: cohort level"
There were 50 or more warnings (use warnings() to see the first 50)
> toc()
48.63 sec elapsed
> 
> names(res_direct_human) = c("Long","Short")
> saveRDS(res_direct_human, file = paste0(results_path, "namibia_htmle_inc_direct_human_adaptQ.RDS"))
> 
> 
> 
> 
> 
> 
> proc.time()
    user   system  elapsed 
20121.87 13574.00 15356.04 
