
R version 4.0.2 (2020-06-22) -- "Taking Off Again"
Copyright (C) 2020 The R Foundation for Statistical Computing
Platform: x86_64-pc-linux-gnu (64-bit)

R is free software and comes with ABSOLUTELY NO WARRANTY.
You are welcome to redistribute it under certain conditions.
Type 'license()' or 'licence()' for distribution details.

  Natural language support but running in an English locale

R is a collaborative project with many contributors.
Type 'contributors()' for more information and
'citation()' on how to cite R or R packages in publications.

Type 'demo()' for some demos, 'help()' for on-line help, or
'help.start()' for an HTML browser interface to help.
Type 'q()' to quit R.

> ################################################
> # Spillover effects of reactive, focal malaria 
> # interventions
> 
> # Namibia trial
> # Primary analysis: incidence
> # Data adaptively choose if Q is 
> # individual or cohort level model 
> ################################################ 
> rm(list=ls())
> library(sl3)
> library(tmle3)
> library(origami)
origami v1.0.5: Generalized Framework for Cross-Validation
> library(SuperLearner)
Loading required package: nnls
Loading required package: gam
Loading required package: splines
Loading required package: foreach
Loaded gam 1.20

Super Learner
Version: 2.0-28
Package created on 2021-05-04

> library(glmnet)
Loading required package: Matrix
Loaded glmnet 4.1-2
> library(gam)
> library(xgboost)
> library(GGally)
Loading required package: ggplot2
Registered S3 method overwritten by 'GGally':
  method from   
  +.gg   ggplot2
> 
> source(paste0(here::here(), "/0-config.R"))
Loading required package: sp
Please note that rgdal will be retired by the end of 2023,
plan transition to sf/stars/terra functions using GDAL and PROJ
at your earliest convenience.

rgdal: version: 1.5-28, (SVN revision 1158)
Geospatial Data Abstraction Library extensions to R successfully loaded
Loaded GDAL runtime: GDAL 3.4.1, released 2021/12/27
Path to GDAL shared files: /share/software/user/open/gdal/3.4.1/share/gdal
GDAL binary built with GEOS: FALSE 
Loaded PROJ runtime: Rel. 8.2.1, January 1st, 2022, [PJ_VERSION: 821]
Path to PROJ shared files: /home/users/jadebc/.local/share/proj:/share/software/user/open/proj/8.2.1/share/proj:/share/software/user/open/proj/8.2.1/share/proj
PROJ CDN enabled: FALSE
Linking to sp version:1.4-5
To mute warnings of possible GDAL/OSR exportToProj4() degradation,
use options("rgdal_show_exportToProj4_warnings"="none") before loading sp or rgdal.

Attaching package: ‘tidyr’

The following objects are masked from ‘package:Matrix’:

    expand, pack, unpack


Attaching package: ‘lubridate’

The following objects are masked from ‘package:base’:

    date, intersect, setdiff, union


Attaching package: ‘reshape2’

The following object is masked from ‘package:tidyr’:

    smiths


Attaching package: ‘purrr’

The following objects are masked from ‘package:foreach’:

    accumulate, when


Attaching package: ‘data.table’

The following object is masked from ‘package:purrr’:

    transpose

The following objects are masked from ‘package:reshape2’:

    dcast, melt

The following objects are masked from ‘package:lubridate’:

    hour, isoweek, mday, minute, month, quarter, second, wday, week,
    yday, year


Attaching package: ‘dplyr’

The following objects are masked from ‘package:data.table’:

    between, first, last

The following object is masked from ‘package:xgboost’:

    slice

The following objects are masked from ‘package:stats’:

    filter, lag

The following objects are masked from ‘package:base’:

    intersect, setdiff, setequal, union

> 
> # load data ---------------------------------------
> data_hm_list <- readRDS(namibia_hm_process_path)
> 
> # load covariate list ---------------------------------------
> covarname <- readRDS(namibia_inc_covar_path)
> covarname_g = c("pre_spray_cover", "pre_incidence", "pre_rainfall",
+                 "pop_size_ea")
> covarname_Q = covarname[!covarname %in% c(covarname_g, "pre_evi", "ea_elevation","surface_temp")]
> 
> # SuperLearner set up ---------------------------------------
> source(paste0(here::here(), '/2-analysis/0-namibia-incidence-learners.R'))
> 
> # Run hTMLE - Spillover effect ---------------------------------------
> res_spillover_hm <- list()
> 
> ## Human & mosquito---------------------------------------
> tic()
> set.seed(123)
> res_spillover_hm <- lapply(data_hm_list, function(x)
+   choose_Qlevel(df = x,
+           effecttype = 'spillover',
+           dependency = TRUE, # TRUE if we want CIs adjusted for dependency
+           unadj_est = FALSE, # TRUE if we want a unadjusted estimate
+           y_l = 0,
+           y_u = 1,
+           covarname_Q = covarname_Q,    # set of names for adjustment variables
+           SL_lib_Q = SL_lib_Q,
+           SL_lib_adaQ = SL_lib_simple, # need to specify if for Qlevel = "adaptive"
+           SL_lib_depen = SL_lib_simple, # need to specify if dependency = T
+           verbose = FALSE,
+           reservoir_name = "Human & mosquito",
+           Vfolds = 30)
+ )
[1] "Covariate screening ---------------------------------"
Loading required package: lmtest
Loading required package: zoo

Attaching package: ‘zoo’

The following objects are masked from ‘package:base’:

    as.Date, as.Date.numeric


Likelihood Ratio Test P-values:
                             P-value
dist_to_index                0.00001
pop_500m_cat                 0.00000
pop_1km_cat                  0.00000
pop_2km_cat                  0.00000
pop_3km_cat                  0.01729
sex                          0.00000
dist_hh_cat                  0.00000
dist_hf_cat                  0.00000
pop_size_cohort_cat          0.00000
Ntx_cat                      0.00000
tx_cov_cohort_cat            0.00004
high_season                  0.00004
prop_prev_tx_cat             0.00000
pre_int_3000_cat             0.00001
pre_int_2000_cat             0.00000
pre_int_1000_cat             0.00000
pre_int_500_cat              0.00000
n_int_pre_recei              0.00000
pre_int_propdiffarm_500_cat  0.00027
pre_int_propdiffarm_1000_cat 0.00000
pre_int_propdiffarm_2000     0.00006
pre_int_propdiffarm_3000_cat 0.01464
delta_age                    0.00000
age                          0.00000
delta_response_time          0.93853
response_time_cat            0.00000
delta_age.1                  0.00000
delta_response_time.1        0.93853
delta_dist_index_quant       0.45790


Covariates selected (P<0.2):
                                   P-value
dist_to_index                 6.583254e-06
pop_500m_cat                  1.029107e-09
pop_1km_cat                   1.246396e-08
pop_2km_cat                   7.556853e-18
pop_3km_cat                   1.729178e-02
sex                           1.044142e-09
dist_hh_cat                   2.737237e-18
dist_hf_cat                   1.030437e-42
pop_size_cohort_cat           1.398494e-07
Ntx_cat                       1.277384e-08
tx_cov_cohort_cat             4.248649e-05
high_season                   4.473515e-05
prop_prev_tx_cat              1.449071e-66
pre_int_3000_cat              7.376742e-06
pre_int_2000_cat              1.337991e-17
pre_int_1000_cat              2.835491e-45
pre_int_500_cat               1.186365e-07
n_int_pre_recei               3.767987e-50
pre_int_propdiffarm_500_cat   2.666060e-04
pre_int_propdiffarm_1000_cat  1.476271e-30
pre_int_propdiffarm_2000      6.226066e-05
pre_int_propdiffarm_3000_cat  1.464421e-02
delta_age                    9.454327e-115
age                           1.669807e-06
response_time_cat             1.911295e-45
delta_age.1                  9.454327e-115
[1] "===== variables excluded after lmtest ===== "
[1] "delta_response_time"    "delta_dist_index_quant"
[1] "===== variables excluded after sparsity check ===== "
character(0)
[1] "===== excluded constant variables ===== "
character(0)
[1] "===== variables selected in the end ===== "
 [1] "dist_to_index"                "pop_500m_cat"                
 [3] "pop_1km_cat"                  "pop_2km_cat"                 
 [5] "pop_3km_cat"                  "sex"                         
 [7] "dist_hh_cat"                  "dist_hf_cat"                 
 [9] "pop_size_cohort_cat"          "Ntx_cat"                     
[11] "tx_cov_cohort_cat"            "high_season"                 
[13] "prop_prev_tx_cat"             "pre_int_3000_cat"            
[15] "pre_int_2000_cat"             "pre_int_1000_cat"            
[17] "pre_int_500_cat"              "n_int_pre_recei"             
[19] "pre_int_propdiffarm_500_cat"  "pre_int_propdiffarm_1000_cat"
[21] "pre_int_propdiffarm_2000"     "pre_int_propdiffarm_3000_cat"
[23] "delta_age"                    "age"                         
[25] "response_time_cat"           
8.01 sec elapsed
[1] "Choose Qlevel ---------------------------------"
9225.113 sec elapsed
[1] "Data-adaptive Q model selection result: individual level"
[1] "Covariate screening ---------------------------------"

Likelihood Ratio Test P-values:
                             P-value
dist_to_index                0.00035
pop_500m_cat                 0.00000
pop_1km_cat                  0.00000
pop_2km_cat                  0.00000
pop_3km_cat                  0.02201
sex                          0.00000
dist_hh_cat                  0.00000
dist_hf_cat                  0.00000
pop_size_cohort_cat          0.00002
Ntx_cat                      0.00000
tx_cov_cohort_cat            0.00001
high_season                  0.00000
prop_prev_tx_cat             0.00000
pre_int_3000_cat             0.06131
pre_int_2000_cat             0.00000
pre_int_1000_cat             0.00000
pre_int_500_cat              0.11635
n_int_pre_recei              0.00000
pre_int_propdiffarm_500_cat  0.00138
pre_int_propdiffarm_1000_cat 0.00000
pre_int_propdiffarm_2000     0.23299
pre_int_propdiffarm_3000_cat 0.68680
delta_age                    0.00000
age                          0.00074
delta_response_time          0.67723
response_time_cat            0.00000
delta_age.1                  0.00000
delta_response_time.1        0.67723
delta_dist_index_quant       0.39904


Covariates selected (P<0.2):
                                  P-value
dist_to_index                3.483267e-04
pop_500m_cat                 4.700493e-06
pop_1km_cat                  2.092636e-07
pop_2km_cat                  6.921107e-12
pop_3km_cat                  2.200689e-02
sex                          1.912474e-06
dist_hh_cat                  8.122826e-18
dist_hf_cat                  4.991213e-36
pop_size_cohort_cat          2.464752e-05
Ntx_cat                      9.252488e-10
tx_cov_cohort_cat            1.071631e-05
high_season                  4.838385e-11
prop_prev_tx_cat             1.174033e-29
pre_int_3000_cat             6.131418e-02
pre_int_2000_cat             1.579972e-07
pre_int_1000_cat             3.569991e-21
pre_int_500_cat              1.163538e-01
n_int_pre_recei              9.720876e-30
pre_int_propdiffarm_500_cat  1.380799e-03
pre_int_propdiffarm_1000_cat 4.657131e-21
delta_age                    2.249329e-77
age                          7.401257e-04
response_time_cat            1.220636e-29
delta_age.1                  2.249329e-77
[1] "===== variables excluded after lmtest ===== "
[1] "pre_int_propdiffarm_2000"     "pre_int_propdiffarm_3000_cat"
[3] "delta_response_time"          "delta_dist_index_quant"      
[1] "===== variables excluded after sparsity check ===== "
character(0)
[1] "===== excluded constant variables ===== "
character(0)
[1] "===== variables selected in the end ===== "
 [1] "dist_to_index"                "pop_500m_cat"                
 [3] "pop_1km_cat"                  "pop_2km_cat"                 
 [5] "pop_3km_cat"                  "sex"                         
 [7] "dist_hh_cat"                  "dist_hf_cat"                 
 [9] "pop_size_cohort_cat"          "Ntx_cat"                     
[11] "tx_cov_cohort_cat"            "high_season"                 
[13] "prop_prev_tx_cat"             "pre_int_3000_cat"            
[15] "pre_int_2000_cat"             "pre_int_1000_cat"            
[17] "pre_int_500_cat"              "n_int_pre_recei"             
[19] "pre_int_propdiffarm_500_cat"  "pre_int_propdiffarm_1000_cat"
[21] "delta_age"                    "age"                         
[23] "response_time_cat"           
5.889 sec elapsed
[1] "Choose Qlevel ---------------------------------"
8713.078 sec elapsed
[1] "Data-adaptive Q model selection result: individual level"
> toc()
17958.631 sec elapsed
> 
> names(res_spillover_hm) = c("Long","Short")
> saveRDS(res_spillover_hm, file = paste0(results_path, "namibia_htmle_inc_spillover_hm_adaptQ.RDS"))
> 
> 
> 
> proc.time()
    user   system  elapsed 
23135.99 16265.51 17966.64 
