
R version 4.0.2 (2020-06-22) -- "Taking Off Again"
Copyright (C) 2020 The R Foundation for Statistical Computing
Platform: x86_64-pc-linux-gnu (64-bit)

R is free software and comes with ABSOLUTELY NO WARRANTY.
You are welcome to redistribute it under certain conditions.
Type 'license()' or 'licence()' for distribution details.

  Natural language support but running in an English locale

R is a collaborative project with many contributors.
Type 'contributors()' for more information and
'citation()' on how to cite R or R packages in publications.

Type 'demo()' for some demos, 'help()' for on-line help, or
'help.start()' for an HTML browser interface to help.
Type 'q()' to quit R.

> ################################################
> # Spillover effects of reactive, focal malaria 
> # interventions
> 
> # Namibia trial
> # Primary analysis: incidence
> # Data adaptively choose if Q is 
> # individual or cohort level model 
> ################################################ 
> rm(list=ls())
> library(sl3)
> library(tmle3)
> library(origami)
origami v1.0.5: Generalized Framework for Cross-Validation
> library(SuperLearner)
Loading required package: nnls
Loading required package: gam
Loading required package: splines
Loading required package: foreach
Loaded gam 1.20

Super Learner
Version: 2.0-28
Package created on 2021-05-04

> library(glmnet)
Loading required package: Matrix
Loaded glmnet 4.1-2
> library(gam)
> library(xgboost)
> library(GGally)
Loading required package: ggplot2
Registered S3 method overwritten by 'GGally':
  method from   
  +.gg   ggplot2
> 
> source(paste0(here::here(), "/0-config.R"))
Loading required package: sp
Please note that rgdal will be retired by the end of 2023,
plan transition to sf/stars/terra functions using GDAL and PROJ
at your earliest convenience.

rgdal: version: 1.5-28, (SVN revision 1158)
Geospatial Data Abstraction Library extensions to R successfully loaded
Loaded GDAL runtime: GDAL 3.4.1, released 2021/12/27
Path to GDAL shared files: /share/software/user/open/gdal/3.4.1/share/gdal
GDAL binary built with GEOS: FALSE 
Loaded PROJ runtime: Rel. 8.2.1, January 1st, 2022, [PJ_VERSION: 821]
Path to PROJ shared files: /home/users/jadebc/.local/share/proj:/share/software/user/open/proj/8.2.1/share/proj:/share/software/user/open/proj/8.2.1/share/proj
PROJ CDN enabled: FALSE
Linking to sp version:1.4-5
To mute warnings of possible GDAL/OSR exportToProj4() degradation,
use options("rgdal_show_exportToProj4_warnings"="none") before loading sp or rgdal.

Attaching package: ‘tidyr’

The following objects are masked from ‘package:Matrix’:

    expand, pack, unpack


Attaching package: ‘lubridate’

The following objects are masked from ‘package:base’:

    date, intersect, setdiff, union


Attaching package: ‘reshape2’

The following object is masked from ‘package:tidyr’:

    smiths


Attaching package: ‘purrr’

The following objects are masked from ‘package:foreach’:

    accumulate, when


Attaching package: ‘data.table’

The following object is masked from ‘package:purrr’:

    transpose

The following objects are masked from ‘package:reshape2’:

    dcast, melt

The following objects are masked from ‘package:lubridate’:

    hour, isoweek, mday, minute, month, quarter, second, wday, week,
    yday, year


Attaching package: ‘dplyr’

The following objects are masked from ‘package:data.table’:

    between, first, last

The following object is masked from ‘package:xgboost’:

    slice

The following objects are masked from ‘package:stats’:

    filter, lag

The following objects are masked from ‘package:base’:

    intersect, setdiff, setequal, union

> 
> # load data ---------------------------------------
> data_hm_list <- readRDS(namibia_hm_process_path)
> 
> # load covariate list ---------------------------------------
> covarname <- readRDS(namibia_inc_covar_path)
> covarname_g = c("pre_spray_cover", "pre_incidence", "pre_rainfall",
+                 "pop_size_ea")
> covarname_Q = covarname[!covarname %in% c(covarname_g, "pre_evi", "ea_elevation","surface_temp")]
> 
> # SuperLearner set up ---------------------------------------
> source(paste0(here::here(), '/2-analysis/0-namibia-incidence-learners.R'))
> 
> 
> # Run hTMLE - Direct effect ---------------------------------------
> 
> ## Human & mosquito ---------------------------------------
> ## TOO sparse to fit with short data
> 
> set.seed(123)
> res_direct_hm_long <-   choose_Qlevel(df = data_hm_list$long,
+           effecttype = 'direct',
+           dependency = TRUE, # TRUE if we want CIs adjusted for dependency
+           unadj_est = FALSE, # TRUE if we want a unadjusted estimate
+           y_l = 0,
+           y_u = 1,
+           covarname_Q = covarname_Q,    # set of names for adjustment variables
+           SL_lib_Q = SL_lib_Q,
+           SL_lib_adaQ = SL_lib_simple, # need to specify if for Qlevel = "adaptive"
+           SL_lib_depen = SL_lib_simple, # need to specify if dependency = T
+           verbose = FALSE,
+           reservoir_name = "Human & mosquito",
+           Vfolds = 30)
[1] "Too few observations to fit adjusted model"
[1] "Choose Qlevel ---------------------------------"
[1] "Data-adaptive Q model selection result: cohort level"
There were 50 or more warnings (use warnings() to see the first 50)
> 
> 
> saveRDS(res_direct_hm_long, file = paste0(results_path, "namibia_htmle_inc_direct_hm_long_adaptQ.RDS"))
> 
> 
> 
> 
> proc.time()
   user  system elapsed 
 55.397   7.133  39.502 
